<testsuite failures="0" name="src/main/java/features/cities.feature" skipped="0" tests="2" time="5.391386">
  <testcase classname="src.main.java.features.cities" name="get list of all data and compare of user 1" time="4.634891">
    <system-out>* header Accept = 'application/json' ...................................... passed
* configure ssl = true .................................................... passed
* def expectedOutput = read('expectedResults.json') ....................... passed
Given url 'https://reqres.in/api/users/2' ................................. passed
When method get ........................................................... passed
Then status 200 ........................................................... passed
Then print response ....................................................... passed
And match response == expectedOutput[0] ................................... passed
And match response.data.last_name != null ................................. passed
And match response.data.last_name == 'Weaver' ............................. passed</system-out>
  </testcase>
  <testcase classname="src.main.java.features.cities" name="get list of all data and compare of user 2" time="0.756495">
    <system-out>* header Accept = 'application/json' ...................................... passed
* configure ssl = true .................................................... passed
* def expectedOutput = read('expectedResults.json') ....................... passed
Given url 'https://reqres.in/api/users/2' ................................. passed
When method get ........................................................... passed
Then status 200 ........................................................... passed
Then print response ....................................................... passed
And match response == expectedOutput[0] ................................... passed
And match response.data.last_name != null ................................. passed
And match response.data.last_name == 'Weaver' ............................. passed
* header Accept = 'application/json' ...................................... passed
* configure ssl = true .................................................... passed
* def expectedOutput = read('expectedResults.json') ....................... passed
Given url 'https://reqres.in/api/users/3' ................................. passed
When method get ........................................................... passed
Then status 200 ........................................................... passed
Then print response ....................................................... passed
And match response == expectedOutput[1] ................................... passed
And match response.data.last_name != null ................................. passed
And match response.data.last_name == 'Wong' ............................... passed</system-out>
  </testcase>
</testsuite>
