<testsuite failures="0" name="src/main/java/features/User.feature" skipped="0" tests="1" time="4.604223">
  <testcase classname="src.main.java.features.User" name="create a user via api" time="4.604223">
    <system-out>* url 'https://gorest.co.in' .............................................. passed
* configure ssl = true .................................................... passed
* header Content-Type = 'application/json' ................................ passed
* header Authorization = 'Bearer 3481461ed252bff1ee08aca5049e024a883d8a5b0a6ae50f90ec19204e369878' . passed
Given path '/public/v2/users' ............................................. passed
And request  {"id": 757,"name": "Matt","email": "hwq@stokyeus722.com","gender": "male","status": "active"} . passed
When method POST .......................................................... passed
Then status 201 ........................................................... passed</system-out>
  </testcase>
</testsuite>
